[2024-06-07 10:07:34 INFO  Test worker] [com.green.greengram.userfollow.UserFollowControllerTest] Starting UserFollowControllerTest using Java 17.0.10 with PID 11992 (started by Administrator in D:\2024-1\Backend\GreengramVer3TDD)
[2024-06-07 10:07:34 INFO  Test worker] [com.green.greengram.userfollow.UserFollowControllerTest] No active profile set, falling back to 1 default profile: "default"
[2024-06-07 10:07:36 INFO  Test worker] [org.springframework.boot.autoconfigure.web.servlet.WelcomePageHandlerMapping] Adding welcome page: class path resource [static/index.html]
[2024-06-07 10:07:36 INFO  Test worker] [org.springframework.boot.test.mock.web.SpringBootMockServletContext] Initializing Spring TestDispatcherServlet ''
[2024-06-07 10:07:36 INFO  Test worker] [org.springframework.test.web.servlet.TestDispatcherServlet] Initializing Servlet ''
[2024-06-07 10:07:36 INFO  Test worker] [org.springframework.test.web.servlet.TestDispatcherServlet] Completed initialization in 1 ms
[2024-06-07 10:07:36 INFO  Test worker] [com.green.greengram.userfollow.UserFollowControllerTest] Started UserFollowControllerTest in 1.821 seconds (process running for 2.705)
[2024-06-07 10:07:36 WARN  Test worker] [org.springframework.web.servlet.mvc.support.DefaultHandlerExceptionResolver] Resolved [org.springframework.web.HttpRequestMethodNotSupportedException: Request method 'POST' is not supported]
[2024-06-07 10:14:50 INFO  Test worker] [com.green.greengram.userfollow.UserFollowControllerTest] Starting UserFollowControllerTest using Java 17.0.10 with PID 10700 (started by Administrator in D:\2024-1\Backend\GreengramVer3TDD)
[2024-06-07 10:14:50 INFO  Test worker] [com.green.greengram.userfollow.UserFollowControllerTest] No active profile set, falling back to 1 default profile: "default"
[2024-06-07 10:14:51 INFO  Test worker] [org.springframework.boot.autoconfigure.web.servlet.WelcomePageHandlerMapping] Adding welcome page: class path resource [static/index.html]
[2024-06-07 10:14:51 INFO  Test worker] [org.springframework.boot.test.mock.web.SpringBootMockServletContext] Initializing Spring TestDispatcherServlet ''
[2024-06-07 10:14:51 INFO  Test worker] [org.springframework.test.web.servlet.TestDispatcherServlet] Initializing Servlet ''
[2024-06-07 10:14:51 INFO  Test worker] [org.springframework.test.web.servlet.TestDispatcherServlet] Completed initialization in 1 ms
[2024-06-07 10:14:51 INFO  Test worker] [com.green.greengram.userfollow.UserFollowControllerTest] Started UserFollowControllerTest in 1.658 seconds (process running for 2.446)
[2024-06-07 10:14:52 WARN  Test worker] [org.springframework.web.servlet.mvc.support.DefaultHandlerExceptionResolver] Resolved [org.springframework.web.HttpRequestMethodNotSupportedException: Request method 'POST' is not supported]
[2024-06-07 10:18:38 INFO  Test worker] [com.green.greengram.userfollow.UserFollowControllerTest] Starting UserFollowControllerTest using Java 17.0.10 with PID 11764 (started by Administrator in D:\2024-1\Backend\GreengramVer3TDD)
[2024-06-07 10:18:38 INFO  Test worker] [com.green.greengram.userfollow.UserFollowControllerTest] No active profile set, falling back to 1 default profile: "default"
[2024-06-07 10:18:39 INFO  Test worker] [org.springframework.boot.autoconfigure.web.servlet.WelcomePageHandlerMapping] Adding welcome page: class path resource [static/index.html]
[2024-06-07 10:18:39 INFO  Test worker] [org.springframework.boot.test.mock.web.SpringBootMockServletContext] Initializing Spring TestDispatcherServlet ''
[2024-06-07 10:18:39 INFO  Test worker] [org.springframework.test.web.servlet.TestDispatcherServlet] Initializing Servlet ''
[2024-06-07 10:18:39 INFO  Test worker] [org.springframework.test.web.servlet.TestDispatcherServlet] Completed initialization in 1 ms
[2024-06-07 10:18:39 INFO  Test worker] [com.green.greengram.userfollow.UserFollowControllerTest] Started UserFollowControllerTest in 1.584 seconds (process running for 2.513)
[2024-06-07 10:18:39 WARN  Test worker] [org.springframework.web.servlet.mvc.support.DefaultHandlerExceptionResolver] Resolved [org.springframework.web.HttpRequestMethodNotSupportedException: Request method 'POST' is not supported]
[2024-06-07 10:22:58 INFO  Test worker] [com.green.greengram.userfollow.UserFollowControllerTest] Starting UserFollowControllerTest using Java 17.0.10 with PID 6652 (started by Administrator in D:\2024-1\Backend\GreengramVer3TDD)
[2024-06-07 10:22:58 INFO  Test worker] [com.green.greengram.userfollow.UserFollowControllerTest] No active profile set, falling back to 1 default profile: "default"
[2024-06-07 10:22:59 INFO  Test worker] [org.springframework.boot.autoconfigure.web.servlet.WelcomePageHandlerMapping] Adding welcome page: class path resource [static/index.html]
[2024-06-07 10:23:00 INFO  Test worker] [org.springframework.boot.test.mock.web.SpringBootMockServletContext] Initializing Spring TestDispatcherServlet ''
[2024-06-07 10:23:00 INFO  Test worker] [org.springframework.test.web.servlet.TestDispatcherServlet] Initializing Servlet ''
[2024-06-07 10:23:00 INFO  Test worker] [org.springframework.test.web.servlet.TestDispatcherServlet] Completed initialization in 0 ms
[2024-06-07 10:23:00 INFO  Test worker] [com.green.greengram.userfollow.UserFollowControllerTest] Started UserFollowControllerTest in 1.595 seconds (process running for 2.397)
[2024-06-07 11:38:45 INFO  Test worker] [com.green.greengram.userfollow.UserFollowControllerTest] Starting UserFollowControllerTest using Java 17.0.10 with PID 5648 (started by Administrator in D:\2024-1\Backend\GreengramVer3TDD)
[2024-06-07 11:38:45 INFO  Test worker] [com.green.greengram.userfollow.UserFollowControllerTest] No active profile set, falling back to 1 default profile: "default"
[2024-06-07 11:38:46 INFO  Test worker] [org.springframework.boot.autoconfigure.web.servlet.WelcomePageHandlerMapping] Adding welcome page: class path resource [static/index.html]
[2024-06-07 11:38:47 INFO  Test worker] [org.springframework.boot.test.mock.web.SpringBootMockServletContext] Initializing Spring TestDispatcherServlet ''
[2024-06-07 11:38:47 INFO  Test worker] [org.springframework.test.web.servlet.TestDispatcherServlet] Initializing Servlet ''
[2024-06-07 11:38:47 INFO  Test worker] [org.springframework.test.web.servlet.TestDispatcherServlet] Completed initialization in 1 ms
[2024-06-07 11:38:47 INFO  Test worker] [com.green.greengram.userfollow.UserFollowControllerTest] Started UserFollowControllerTest in 1.671 seconds (process running for 2.515)
[2024-06-07 11:39:06 INFO  Test worker] [com.green.greengram.userfollow.UserFollowControllerTest] Starting UserFollowControllerTest using Java 17.0.10 with PID 3448 (started by Administrator in D:\2024-1\Backend\GreengramVer3TDD)
[2024-06-07 11:39:06 INFO  Test worker] [com.green.greengram.userfollow.UserFollowControllerTest] No active profile set, falling back to 1 default profile: "default"
[2024-06-07 11:39:08 INFO  Test worker] [org.springframework.boot.autoconfigure.web.servlet.WelcomePageHandlerMapping] Adding welcome page: class path resource [static/index.html]
[2024-06-07 11:39:08 INFO  Test worker] [org.springframework.boot.test.mock.web.SpringBootMockServletContext] Initializing Spring TestDispatcherServlet ''
[2024-06-07 11:39:08 INFO  Test worker] [org.springframework.test.web.servlet.TestDispatcherServlet] Initializing Servlet ''
[2024-06-07 11:39:08 INFO  Test worker] [org.springframework.test.web.servlet.TestDispatcherServlet] Completed initialization in 1 ms
[2024-06-07 11:39:08 INFO  Test worker] [com.green.greengram.userfollow.UserFollowControllerTest] Started UserFollowControllerTest in 1.659 seconds (process running for 2.458)
[2024-06-07 11:45:33 INFO  Test worker] [com.green.greengram.userfollow.UserFollowControllerTest] Starting UserFollowControllerTest using Java 17.0.10 with PID 7852 (started by Administrator in D:\2024-1\Backend\GreengramVer3TDD)
[2024-06-07 11:45:33 INFO  Test worker] [com.green.greengram.userfollow.UserFollowControllerTest] No active profile set, falling back to 1 default profile: "default"
[2024-06-07 11:45:34 INFO  Test worker] [org.springframework.boot.autoconfigure.web.servlet.WelcomePageHandlerMapping] Adding welcome page: class path resource [static/index.html]
[2024-06-07 11:45:34 INFO  Test worker] [org.springframework.boot.test.mock.web.SpringBootMockServletContext] Initializing Spring TestDispatcherServlet ''
[2024-06-07 11:45:34 INFO  Test worker] [org.springframework.test.web.servlet.TestDispatcherServlet] Initializing Servlet ''
[2024-06-07 11:45:34 INFO  Test worker] [org.springframework.test.web.servlet.TestDispatcherServlet] Completed initialization in 1 ms
[2024-06-07 11:45:34 INFO  Test worker] [com.green.greengram.userfollow.UserFollowControllerTest] Started UserFollowControllerTest in 1.654 seconds (process running for 2.437)
[2024-06-07 11:54:31 INFO  Test worker] [com.green.greengram.userfollow.UserFollowControllerTest] Starting UserFollowControllerTest using Java 17.0.10 with PID 12976 (started by Administrator in D:\2024-1\Backend\GreengramVer3TDD)
[2024-06-07 11:54:31 INFO  Test worker] [com.green.greengram.userfollow.UserFollowControllerTest] No active profile set, falling back to 1 default profile: "default"
[2024-06-07 11:54:32 INFO  Test worker] [org.springframework.boot.autoconfigure.web.servlet.WelcomePageHandlerMapping] Adding welcome page: class path resource [static/index.html]
[2024-06-07 11:54:32 INFO  Test worker] [org.springframework.boot.test.mock.web.SpringBootMockServletContext] Initializing Spring TestDispatcherServlet ''
[2024-06-07 11:54:32 INFO  Test worker] [org.springframework.test.web.servlet.TestDispatcherServlet] Initializing Servlet ''
[2024-06-07 11:54:32 INFO  Test worker] [org.springframework.test.web.servlet.TestDispatcherServlet] Completed initialization in 1 ms
[2024-06-07 11:54:32 INFO  Test worker] [com.green.greengram.userfollow.UserFollowControllerTest] Started UserFollowControllerTest in 1.653 seconds (process running for 2.487)
[2024-06-07 11:55:13 INFO  Test worker] [com.green.greengram.userfollow.UserFollowControllerTest] Starting UserFollowControllerTest using Java 17.0.10 with PID 12892 (started by Administrator in D:\2024-1\Backend\GreengramVer3TDD)
[2024-06-07 11:55:13 INFO  Test worker] [com.green.greengram.userfollow.UserFollowControllerTest] No active profile set, falling back to 1 default profile: "default"
[2024-06-07 11:55:14 INFO  Test worker] [org.springframework.boot.autoconfigure.web.servlet.WelcomePageHandlerMapping] Adding welcome page: class path resource [static/index.html]
[2024-06-07 11:55:14 INFO  Test worker] [org.springframework.boot.test.mock.web.SpringBootMockServletContext] Initializing Spring TestDispatcherServlet ''
[2024-06-07 11:55:14 INFO  Test worker] [org.springframework.test.web.servlet.TestDispatcherServlet] Initializing Servlet ''
[2024-06-07 11:55:14 INFO  Test worker] [org.springframework.test.web.servlet.TestDispatcherServlet] Completed initialization in 1 ms
[2024-06-07 11:55:14 INFO  Test worker] [com.green.greengram.userfollow.UserFollowControllerTest] Started UserFollowControllerTest in 1.632 seconds (process running for 2.421)
