[2024-06-12 10:37:19 INFO  Test worker] [com.green.greengram.feedcomment.FeedCommentControllerTest] Starting FeedCommentControllerTest using Java 17.0.10 with PID 9240 (started by Administrator in D:\2024-1\Backend\GreengramVer3TDD)
[2024-06-12 10:37:19 INFO  Test worker] [com.green.greengram.feedcomment.FeedCommentControllerTest] No active profile set, falling back to 1 default profile: "default"
[2024-06-12 10:37:21 WARN  Test worker] [org.springframework.web.context.support.GenericWebApplicationContext] Exception encountered during context initialization - cancelling refresh attempt: org.springframework.beans.factory.UnsatisfiedDependencyException: Error creating bean with name 'feedCommentControllerImpl' defined in file [D:\2024-1\Backend\GreengramVer3TDD\build\classes\java\main\com\green\greengram\feedcomment\FeedCommentControllerImpl.class]: Unsatisfied dependency expressed through constructor parameter 0: No qualifying bean of type 'com.green.greengram.feedcomment.FeedCommentService' available: expected at least 1 bean which qualifies as autowire candidate. Dependency annotations: {}
[2024-06-12 10:37:21 INFO  Test worker] [org.springframework.boot.autoconfigure.logging.ConditionEvaluationReportLogger] 

Error starting ApplicationContext. To display the condition evaluation report re-run your application with 'debug' enabled.
[2024-06-12 10:37:21 ERROR Test worker] [org.springframework.boot.diagnostics.LoggingFailureAnalysisReporter] 

***************************
APPLICATION FAILED TO START
***************************

Description:

Parameter 0 of constructor in com.green.greengram.feedcomment.FeedCommentControllerImpl required a bean of type 'com.green.greengram.feedcomment.FeedCommentService' that could not be found.


Action:

Consider defining a bean of type 'com.green.greengram.feedcomment.FeedCommentService' in your configuration.

[2024-06-12 10:37:21 WARN  Test worker] [org.springframework.test.context.TestContextManager] Caught exception while allowing TestExecutionListener [org.springframework.boot.test.mock.mockito.MockitoTestExecutionListener] to prepare test instance [com.green.greengram.feedcomment.FeedCommentControllerTest@7c7ed72a]
java.lang.IllegalStateException: Failed to load ApplicationContext for [WebMergedContextConfiguration@7babed9e testClass = com.green.greengram.feedcomment.FeedCommentControllerTest, locations = [], classes = [com.green.greengram.GreengramApplication], contextInitializerClasses = [], activeProfiles = [], propertySourceDescriptors = [], propertySourceProperties = ["org.springframework.boot.test.autoconfigure.web.servlet.WebMvcTestContextBootstrapper=true"], contextCustomizers = [org.springframework.boot.test.autoconfigure.OverrideAutoConfigurationContextCustomizerFactory$DisableAutoConfigurationContextCustomizer@54d18072, org.springframework.boot.test.autoconfigure.actuate.observability.ObservabilityContextCustomizerFactory$DisableObservabilityContextCustomizer@1f, org.springframework.boot.test.autoconfigure.filter.TypeExcludeFiltersContextCustomizer@83c15508, org.springframework.boot.test.autoconfigure.properties.PropertyMappingContextCustomizer@f9b8e4cd, org.springframework.boot.test.autoconfigure.web.servlet.WebDriverContextCustomizer@7e22550a, [ImportsContextCustomizer@2353354a key = [org.springframework.boot.autoconfigure.task.TaskExecutionAutoConfiguration, org.springframework.boot.autoconfigure.cache.CacheAutoConfiguration, org.springframework.boot.autoconfigure.web.servlet.HttpEncodingAutoConfiguration, org.springframework.boot.autoconfigure.validation.ValidationAutoConfiguration, org.springframework.boot.autoconfigure.context.MessageSourceAutoConfiguration, org.springframework.boot.autoconfigure.hateoas.HypermediaAutoConfiguration, org.springframework.boot.autoconfigure.data.web.SpringDataWebAutoConfiguration, org.springframework.boot.autoconfigure.jackson.JacksonAutoConfiguration, org.springframework.boot.test.autoconfigure.web.reactive.WebTestClientAutoConfiguration, org.springframework.boot.autoconfigure.web.servlet.error.ErrorMvcAutoConfiguration, org.springframework.boot.test.autoconfigure.web.servlet.MockMvcAutoConfiguration, org.springframework.boot.autoconfigure.security.servlet.SecurityAutoConfiguration, org.springframework.boot.autoconfigure.security.servlet.SecurityFilterAutoConfiguration, org.springframework.boot.autoconfigure.http.HttpMessageConvertersAutoConfiguration, org.springframework.boot.autoconfigure.security.oauth2.client.servlet.OAuth2ClientAutoConfiguration, org.springframework.boot.test.autoconfigure.web.servlet.MockMvcSecurityConfiguration, org.springframework.boot.test.autoconfigure.web.servlet.MockMvcWebClientAutoConfiguration, org.springframework.boot.test.autoconfigure.web.servlet.MockMvcWebDriverAutoConfiguration, org.springframework.boot.autoconfigure.thymeleaf.ThymeleafAutoConfiguration, org.springframework.boot.autoconfigure.gson.GsonAutoConfiguration, org.springframework.boot.autoconfigure.jsonb.JsonbAutoConfiguration, org.springframework.boot.autoconfigure.freemarker.FreeMarkerAutoConfiguration, org.springframework.boot.autoconfigure.web.servlet.WebMvcAutoConfiguration, com.green.greengram.CharEncodingConfiguration, org.springframework.boot.autoconfigure.security.servlet.UserDetailsServiceAutoConfiguration, org.springframework.boot.autoconfigure.security.oauth2.resource.servlet.OAuth2ResourceServerAutoConfiguration, org.springframework.boot.autoconfigure.groovy.template.GroovyTemplateAutoConfiguration, org.springframework.boot.autoconfigure.mustache.MustacheAutoConfiguration]], org.springframework.boot.test.context.filter.ExcludeFilterContextCustomizer@183e8023, org.springframework.boot.test.json.DuplicateJsonObjectContextCustomizerFactory$DuplicateJsonObjectContextCustomizer@67ab1c47, org.springframework.boot.test.mock.mockito.MockitoContextCustomizer@7ca59c42, org.springframework.boot.test.context.SpringBootTestAnnotation@a550dc33], resourceBasePath = "src/main/webapp", contextLoader = org.springframework.boot.test.context.SpringBootContextLoader, parent = null]
	at org.springframework.test.context.cache.DefaultCacheAwareContextLoaderDelegate.loadContext(DefaultCacheAwareContextLoaderDelegate.java:180)
	at org.springframework.test.context.support.DefaultTestContext.getApplicationContext(DefaultTestContext.java:130)
	at org.springframework.boot.test.mock.mockito.MockitoTestExecutionListener.postProcessFields(MockitoTestExecutionListener.java:122)
	at org.springframework.boot.test.mock.mockito.MockitoTestExecutionListener.injectFields(MockitoTestExecutionListener.java:106)
	at org.springframework.boot.test.mock.mockito.MockitoTestExecutionListener.prepareTestInstance(MockitoTestExecutionListener.java:63)
	at org.springframework.test.context.TestContextManager.prepareTestInstance(TestContextManager.java:260)
	at org.springframework.test.context.junit.jupiter.SpringExtension.postProcessTestInstance(SpringExtension.java:163)
	at org.junit.jupiter.engine.descriptor.ClassBasedTestDescriptor.lambda$invokeTestInstancePostProcessors$10(ClassBasedTestDescriptor.java:378)
	at org.junit.jupiter.engine.descriptor.ClassBasedTestDescriptor.executeAndMaskThrowable(ClassBasedTestDescriptor.java:383)
	at org.junit.jupiter.engine.descriptor.ClassBasedTestDescriptor.lambda$invokeTestInstancePostProcessors$11(ClassBasedTestDescriptor.java:378)
	at java.base/java.util.stream.ReferencePipeline$3$1.accept(ReferencePipeline.java:197)
	at java.base/java.util.stream.ReferencePipeline$2$1.accept(ReferencePipeline.java:179)
	at java.base/java.util.ArrayList$ArrayListSpliterator.forEachRemaining(ArrayList.java:1625)
	at java.base/java.util.stream.AbstractPipeline.copyInto(AbstractPipeline.java:509)
	at java.base/java.util.stream.AbstractPipeline.wrapAndCopyInto(AbstractPipeline.java:499)
	at java.base/java.util.stream.StreamSpliterators$WrappingSpliterator.forEachRemaining(StreamSpliterators.java:310)
	at java.base/java.util.stream.Streams$ConcatSpliterator.forEachRemaining(Streams.java:735)
	at java.base/java.util.stream.Streams$ConcatSpliterator.forEachRemaining(Streams.java:734)
	at java.base/java.util.stream.ReferencePipeline$Head.forEach(ReferencePipeline.java:762)
	at org.junit.jupiter.engine.descriptor.ClassBasedTestDescriptor.invokeTestInstancePostProcessors(ClassBasedTestDescriptor.java:377)
	at org.junit.jupiter.engine.descriptor.ClassBasedTestDescriptor.lambda$instantiateAndPostProcessTestInstance$6(ClassBasedTestDescriptor.java:290)
	at org.junit.platform.engine.support.hierarchical.ThrowableCollector.execute(ThrowableCollector.java:73)
	at org.junit.jupiter.engine.descriptor.ClassBasedTestDescriptor.instantiateAndPostProcessTestInstance(ClassBasedTestDescriptor.java:289)
	at org.junit.jupiter.engine.descriptor.ClassBasedTestDescriptor.lambda$testInstancesProvider$4(ClassBasedTestDescriptor.java:279)
	at java.base/java.util.Optional.orElseGet(Optional.java:364)
	at org.junit.jupiter.engine.descriptor.ClassBasedTestDescriptor.lambda$testInstancesProvider$5(ClassBasedTestDescriptor.java:278)
	at org.junit.jupiter.engine.execution.TestInstancesProvider.getTestInstances(TestInstancesProvider.java:31)
	at org.junit.jupiter.engine.descriptor.TestMethodTestDescriptor.lambda$prepare$0(TestMethodTestDescriptor.java:106)
	at org.junit.platform.engine.support.hierarchical.ThrowableCollector.execute(ThrowableCollector.java:73)
	at org.junit.jupiter.engine.descriptor.TestMethodTestDescriptor.prepare(TestMethodTestDescriptor.java:105)
	at org.junit.jupiter.engine.descriptor.TestMethodTestDescriptor.prepare(TestMethodTestDescriptor.java:69)
	at org.junit.platform.engine.support.hierarchical.NodeTestTask.lambda$prepare$2(NodeTestTask.java:123)
	at org.junit.platform.engine.support.hierarchical.ThrowableCollector.execute(ThrowableCollector.java:73)
	at org.junit.platform.engine.support.hierarchical.NodeTestTask.prepare(NodeTestTask.java:123)
	at org.junit.platform.engine.support.hierarchical.NodeTestTask.execute(NodeTestTask.java:90)
	at java.base/java.util.ArrayList.forEach(ArrayList.java:1511)
	at org.junit.platform.engine.support.hierarchical.SameThreadHierarchicalTestExecutorService.invokeAll(SameThreadHierarchicalTestExecutorService.java:41)
	at org.junit.platform.engine.support.hierarchical.NodeTestTask.lambda$executeRecursively$6(NodeTestTask.java:155)
	at org.junit.platform.engine.support.hierarchical.ThrowableCollector.execute(ThrowableCollector.java:73)
	at org.junit.platform.engine.support.hierarchical.NodeTestTask.lambda$executeRecursively$8(NodeTestTask.java:141)
	at org.junit.platform.engine.support.hierarchical.Node.around(Node.java:137)
	at org.junit.platform.engine.support.hierarchical.NodeTestTask.lambda$executeRecursively$9(NodeTestTask.java:139)
	at org.junit.platform.engine.support.hierarchical.ThrowableCollector.execute(ThrowableCollector.java:73)
	at org.junit.platform.engine.support.hierarchical.NodeTestTask.executeRecursively(NodeTestTask.java:138)
	at org.junit.platform.engine.support.hierarchical.NodeTestTask.execute(NodeTestTask.java:95)
	at java.base/java.util.ArrayList.forEach(ArrayList.java:1511)
	at org.junit.platform.engine.support.hierarchical.SameThreadHierarchicalTestExecutorService.invokeAll(SameThreadHierarchicalTestExecutorService.java:41)
	at org.junit.platform.engine.support.hierarchical.NodeTestTask.lambda$executeRecursively$6(NodeTestTask.java:155)
	at org.junit.platform.engine.support.hierarchical.ThrowableCollector.execute(ThrowableCollector.java:73)
	at org.junit.platform.engine.support.hierarchical.NodeTestTask.lambda$executeRecursively$8(NodeTestTask.java:141)
	at org.junit.platform.engine.support.hierarchical.Node.around(Node.java:137)
	at org.junit.platform.engine.support.hierarchical.NodeTestTask.lambda$executeRecursively$9(NodeTestTask.java:139)
	at org.junit.platform.engine.support.hierarchical.ThrowableCollector.execute(ThrowableCollector.java:73)
	at org.junit.platform.engine.support.hierarchical.NodeTestTask.executeRecursively(NodeTestTask.java:138)
	at org.junit.platform.engine.support.hierarchical.NodeTestTask.execute(NodeTestTask.java:95)
	at org.junit.platform.engine.support.hierarchical.SameThreadHierarchicalTestExecutorService.submit(SameThreadHierarchicalTestExecutorService.java:35)
	at org.junit.platform.engine.support.hierarchical.HierarchicalTestExecutor.execute(HierarchicalTestExecutor.java:57)
	at org.junit.platform.engine.support.hierarchical.HierarchicalTestEngine.execute(HierarchicalTestEngine.java:54)
	at org.junit.platform.launcher.core.EngineExecutionOrchestrator.execute(EngineExecutionOrchestrator.java:198)
	at org.junit.platform.launcher.core.EngineExecutionOrchestrator.execute(EngineExecutionOrchestrator.java:169)
	at org.junit.platform.launcher.core.EngineExecutionOrchestrator.execute(EngineExecutionOrchestrator.java:93)
	at org.junit.platform.launcher.core.EngineExecutionOrchestrator.lambda$execute$0(EngineExecutionOrchestrator.java:58)
	at org.junit.platform.launcher.core.EngineExecutionOrchestrator.withInterceptedStreams(EngineExecutionOrchestrator.java:141)
	at org.junit.platform.launcher.core.EngineExecutionOrchestrator.execute(EngineExecutionOrchestrator.java:57)
	at org.junit.platform.launcher.core.DefaultLauncher.execute(DefaultLauncher.java:103)
	at org.junit.platform.launcher.core.DefaultLauncher.execute(DefaultLauncher.java:85)
	at org.junit.platform.launcher.core.DelegatingLauncher.execute(DelegatingLauncher.java:47)
	at org.gradle.api.internal.tasks.testing.junitplatform.JUnitPlatformTestClassProcessor$CollectAllTestClassesExecutor.processAllTestClasses(JUnitPlatformTestClassProcessor.java:119)
	at org.gradle.api.internal.tasks.testing.junitplatform.JUnitPlatformTestClassProcessor$CollectAllTestClassesExecutor.access$000(JUnitPlatformTestClassProcessor.java:94)
	at org.gradle.api.internal.tasks.testing.junitplatform.JUnitPlatformTestClassProcessor.stop(JUnitPlatformTestClassProcessor.java:89)
	at org.gradle.api.internal.tasks.testing.SuiteTestClassProcessor.stop(SuiteTestClassProcessor.java:62)
	at java.base/jdk.internal.reflect.NativeMethodAccessorImpl.invoke0(Native Method)
	at java.base/jdk.internal.reflect.NativeMethodAccessorImpl.invoke(NativeMethodAccessorImpl.java:77)
	at java.base/jdk.internal.reflect.DelegatingMethodAccessorImpl.invoke(DelegatingMethodAccessorImpl.java:43)
	at java.base/java.lang.reflect.Method.invoke(Method.java:568)
	at org.gradle.internal.dispatch.ReflectionDispatch.dispatch(ReflectionDispatch.java:36)
	at org.gradle.internal.dispatch.ReflectionDispatch.dispatch(ReflectionDispatch.java:24)
	at org.gradle.internal.dispatch.ContextClassLoaderDispatch.dispatch(ContextClassLoaderDispatch.java:33)
	at org.gradle.internal.dispatch.ProxyDispatchAdapter$DispatchingInvocationHandler.invoke(ProxyDispatchAdapter.java:94)
	at jdk.proxy1/jdk.proxy1.$Proxy2.stop(Unknown Source)
	at org.gradle.api.internal.tasks.testing.worker.TestWorker$3.run(TestWorker.java:193)
	at org.gradle.api.internal.tasks.testing.worker.TestWorker.executeAndMaintainThreadName(TestWorker.java:129)
	at org.gradle.api.internal.tasks.testing.worker.TestWorker.execute(TestWorker.java:100)
	at org.gradle.api.internal.tasks.testing.worker.TestWorker.execute(TestWorker.java:60)
	at org.gradle.process.internal.worker.child.ActionExecutionWorker.execute(ActionExecutionWorker.java:56)
	at org.gradle.process.internal.worker.child.SystemApplicationClassLoaderWorker.call(SystemApplicationClassLoaderWorker.java:113)
	at org.gradle.process.internal.worker.child.SystemApplicationClassLoaderWorker.call(SystemApplicationClassLoaderWorker.java:65)
	at worker.org.gradle.process.internal.worker.GradleWorkerMain.run(GradleWorkerMain.java:69)
	at worker.org.gradle.process.internal.worker.GradleWorkerMain.main(GradleWorkerMain.java:74)
Caused by: org.springframework.beans.factory.UnsatisfiedDependencyException: Error creating bean with name 'feedCommentControllerImpl' defined in file [D:\2024-1\Backend\GreengramVer3TDD\build\classes\java\main\com\green\greengram\feedcomment\FeedCommentControllerImpl.class]: Unsatisfied dependency expressed through constructor parameter 0: No qualifying bean of type 'com.green.greengram.feedcomment.FeedCommentService' available: expected at least 1 bean which qualifies as autowire candidate. Dependency annotations: {}
	at org.springframework.beans.factory.support.ConstructorResolver.createArgumentArray(ConstructorResolver.java:795)
	at org.springframework.beans.factory.support.ConstructorResolver.autowireConstructor(ConstructorResolver.java:237)
	at org.springframework.beans.factory.support.AbstractAutowireCapableBeanFactory.autowireConstructor(AbstractAutowireCapableBeanFactory.java:1355)
	at org.springframework.beans.factory.support.AbstractAutowireCapableBeanFactory.createBeanInstance(AbstractAutowireCapableBeanFactory.java:1192)
	at org.springframework.beans.factory.support.AbstractAutowireCapableBeanFactory.doCreateBean(AbstractAutowireCapableBeanFactory.java:562)
	at org.springframework.beans.factory.support.AbstractAutowireCapableBeanFactory.createBean(AbstractAutowireCapableBeanFactory.java:522)
	at org.springframework.beans.factory.support.AbstractBeanFactory.lambda$doGetBean$0(AbstractBeanFactory.java:326)
	at org.springframework.beans.factory.support.DefaultSingletonBeanRegistry.getSingleton(DefaultSingletonBeanRegistry.java:234)
	at org.springframework.beans.factory.support.AbstractBeanFactory.doGetBean(AbstractBeanFactory.java:324)
	at org.springframework.beans.factory.support.AbstractBeanFactory.getBean(AbstractBeanFactory.java:200)
	at org.springframework.beans.factory.support.DefaultListableBeanFactory.preInstantiateSingletons(DefaultListableBeanFactory.java:975)
	at org.springframework.context.support.AbstractApplicationContext.finishBeanFactoryInitialization(AbstractApplicationContext.java:962)
	at org.springframework.context.support.AbstractApplicationContext.refresh(AbstractApplicationContext.java:624)
	at org.springframework.boot.SpringApplication.refresh(SpringApplication.java:754)
	at org.springframework.boot.SpringApplication.refreshContext(SpringApplication.java:456)
	at org.springframework.boot.SpringApplication.run(SpringApplication.java:334)
	at org.springframework.boot.test.context.SpringBootContextLoader.lambda$loadContext$3(SpringBootContextLoader.java:137)
	at org.springframework.util.function.ThrowingSupplier.get(ThrowingSupplier.java:58)
	at org.springframework.util.function.ThrowingSupplier.get(ThrowingSupplier.java:46)
	at org.springframework.boot.SpringApplication.withHook(SpringApplication.java:1454)
	at org.springframework.boot.test.context.SpringBootContextLoader$ContextLoaderHook.run(SpringBootContextLoader.java:553)
	at org.springframework.boot.test.context.SpringBootContextLoader.loadContext(SpringBootContextLoader.java:137)
	at org.springframework.boot.test.context.SpringBootContextLoader.loadContext(SpringBootContextLoader.java:108)
	at org.springframework.test.context.cache.DefaultCacheAwareContextLoaderDelegate.loadContextInternal(DefaultCacheAwareContextLoaderDelegate.java:225)
	at org.springframework.test.context.cache.DefaultCacheAwareContextLoaderDelegate.loadContext(DefaultCacheAwareContextLoaderDelegate.java:152)
	... 88 common frames omitted
Caused by: org.springframework.beans.factory.NoSuchBeanDefinitionException: No qualifying bean of type 'com.green.greengram.feedcomment.FeedCommentService' available: expected at least 1 bean which qualifies as autowire candidate. Dependency annotations: {}
	at org.springframework.beans.factory.support.DefaultListableBeanFactory.raiseNoMatchingBeanFound(DefaultListableBeanFactory.java:1880)
	at org.springframework.beans.factory.support.DefaultListableBeanFactory.doResolveDependency(DefaultListableBeanFactory.java:1406)
	at org.springframework.beans.factory.support.DefaultListableBeanFactory.resolveDependency(DefaultListableBeanFactory.java:1353)
	at org.springframework.beans.factory.support.ConstructorResolver.resolveAutowiredArgument(ConstructorResolver.java:904)
	at org.springframework.beans.factory.support.ConstructorResolver.createArgumentArray(ConstructorResolver.java:782)
	... 112 common frames omitted
[2024-06-12 11:02:05 INFO  Test worker] [com.green.greengram.feedcomment.FeedCommentControllerTest] Starting FeedCommentControllerTest using Java 17.0.10 with PID 5132 (started by Administrator in D:\2024-1\Backend\GreengramVer3TDD)
[2024-06-12 11:02:05 INFO  Test worker] [com.green.greengram.feedcomment.FeedCommentControllerTest] No active profile set, falling back to 1 default profile: "default"
[2024-06-12 11:02:06 INFO  Test worker] [org.springframework.boot.autoconfigure.web.servlet.WelcomePageHandlerMapping] Adding welcome page: class path resource [static/index.html]
[2024-06-12 11:02:06 INFO  Test worker] [org.springframework.boot.test.mock.web.SpringBootMockServletContext] Initializing Spring TestDispatcherServlet ''
[2024-06-12 11:02:06 INFO  Test worker] [org.springframework.test.web.servlet.TestDispatcherServlet] Initializing Servlet ''
[2024-06-12 11:02:06 INFO  Test worker] [org.springframework.test.web.servlet.TestDispatcherServlet] Completed initialization in 1 ms
[2024-06-12 11:02:06 INFO  Test worker] [com.green.greengram.feedcomment.FeedCommentControllerTest] Started FeedCommentControllerTest in 1.815 seconds (process running for 2.666)
[2024-06-12 11:02:48 INFO  Test worker] [com.green.greengram.feedcomment.FeedCommentControllerTest] Starting FeedCommentControllerTest using Java 17.0.10 with PID 11288 (started by Administrator in D:\2024-1\Backend\GreengramVer3TDD)
[2024-06-12 11:02:48 INFO  Test worker] [com.green.greengram.feedcomment.FeedCommentControllerTest] No active profile set, falling back to 1 default profile: "default"
[2024-06-12 11:02:49 INFO  Test worker] [org.springframework.boot.autoconfigure.web.servlet.WelcomePageHandlerMapping] Adding welcome page: class path resource [static/index.html]
[2024-06-12 11:02:50 INFO  Test worker] [org.springframework.boot.test.mock.web.SpringBootMockServletContext] Initializing Spring TestDispatcherServlet ''
[2024-06-12 11:02:50 INFO  Test worker] [org.springframework.test.web.servlet.TestDispatcherServlet] Initializing Servlet ''
[2024-06-12 11:02:50 INFO  Test worker] [org.springframework.test.web.servlet.TestDispatcherServlet] Completed initialization in 0 ms
[2024-06-12 11:02:50 INFO  Test worker] [com.green.greengram.feedcomment.FeedCommentControllerTest] Started FeedCommentControllerTest in 1.687 seconds (process running for 2.498)
[2024-06-12 11:05:02 INFO  Test worker] [com.green.greengram.feedcomment.FeedCommentControllerTest] Starting FeedCommentControllerTest using Java 17.0.10 with PID 2076 (started by Administrator in D:\2024-1\Backend\GreengramVer3TDD)
[2024-06-12 11:05:02 INFO  Test worker] [com.green.greengram.feedcomment.FeedCommentControllerTest] No active profile set, falling back to 1 default profile: "default"
[2024-06-12 11:05:03 INFO  Test worker] [org.springframework.boot.autoconfigure.web.servlet.WelcomePageHandlerMapping] Adding welcome page: class path resource [static/index.html]
[2024-06-12 11:05:03 INFO  Test worker] [org.springframework.boot.test.mock.web.SpringBootMockServletContext] Initializing Spring TestDispatcherServlet ''
[2024-06-12 11:05:03 INFO  Test worker] [org.springframework.test.web.servlet.TestDispatcherServlet] Initializing Servlet ''
[2024-06-12 11:05:03 INFO  Test worker] [org.springframework.test.web.servlet.TestDispatcherServlet] Completed initialization in 1 ms
[2024-06-12 11:05:03 INFO  Test worker] [com.green.greengram.feedcomment.FeedCommentControllerTest] Started FeedCommentControllerTest in 1.686 seconds (process running for 2.477)
[2024-06-12 11:05:50 INFO  Test worker] [com.green.greengram.feedcomment.FeedCommentControllerTest] Starting FeedCommentControllerTest using Java 17.0.10 with PID 10968 (started by Administrator in D:\2024-1\Backend\GreengramVer3TDD)
[2024-06-12 11:05:50 INFO  Test worker] [com.green.greengram.feedcomment.FeedCommentControllerTest] No active profile set, falling back to 1 default profile: "default"
[2024-06-12 11:05:51 INFO  Test worker] [org.springframework.boot.autoconfigure.web.servlet.WelcomePageHandlerMapping] Adding welcome page: class path resource [static/index.html]
[2024-06-12 11:05:51 INFO  Test worker] [org.springframework.boot.test.mock.web.SpringBootMockServletContext] Initializing Spring TestDispatcherServlet ''
[2024-06-12 11:05:51 INFO  Test worker] [org.springframework.test.web.servlet.TestDispatcherServlet] Initializing Servlet ''
[2024-06-12 11:05:51 INFO  Test worker] [org.springframework.test.web.servlet.TestDispatcherServlet] Completed initialization in 1 ms
[2024-06-12 11:05:51 INFO  Test worker] [com.green.greengram.feedcomment.FeedCommentControllerTest] Started FeedCommentControllerTest in 1.92 seconds (process running for 2.741)
[2024-06-12 11:09:16 INFO  Test worker] [com.green.greengram.feedcomment.FeedCommentControllerTest] Starting FeedCommentControllerTest using Java 17.0.10 with PID 11804 (started by Administrator in D:\2024-1\Backend\GreengramVer3TDD)
[2024-06-12 11:09:16 INFO  Test worker] [com.green.greengram.feedcomment.FeedCommentControllerTest] No active profile set, falling back to 1 default profile: "default"
[2024-06-12 11:09:17 INFO  Test worker] [org.springframework.boot.autoconfigure.web.servlet.WelcomePageHandlerMapping] Adding welcome page: class path resource [static/index.html]
[2024-06-12 11:09:18 INFO  Test worker] [org.springframework.boot.test.mock.web.SpringBootMockServletContext] Initializing Spring TestDispatcherServlet ''
[2024-06-12 11:09:18 INFO  Test worker] [org.springframework.test.web.servlet.TestDispatcherServlet] Initializing Servlet ''
[2024-06-12 11:09:18 INFO  Test worker] [org.springframework.test.web.servlet.TestDispatcherServlet] Completed initialization in 1 ms
[2024-06-12 11:09:18 INFO  Test worker] [com.green.greengram.feedcomment.FeedCommentControllerTest] Started FeedCommentControllerTest in 1.658 seconds (process running for 2.446)
[2024-06-12 11:09:27 INFO  Test worker] [com.green.greengram.feedcomment.FeedCommentControllerTest] Starting FeedCommentControllerTest using Java 17.0.10 with PID 2016 (started by Administrator in D:\2024-1\Backend\GreengramVer3TDD)
[2024-06-12 11:09:27 INFO  Test worker] [com.green.greengram.feedcomment.FeedCommentControllerTest] No active profile set, falling back to 1 default profile: "default"
[2024-06-12 11:09:28 INFO  Test worker] [org.springframework.boot.autoconfigure.web.servlet.WelcomePageHandlerMapping] Adding welcome page: class path resource [static/index.html]
[2024-06-12 11:09:28 INFO  Test worker] [org.springframework.boot.test.mock.web.SpringBootMockServletContext] Initializing Spring TestDispatcherServlet ''
[2024-06-12 11:09:28 INFO  Test worker] [org.springframework.test.web.servlet.TestDispatcherServlet] Initializing Servlet ''
[2024-06-12 11:09:28 INFO  Test worker] [org.springframework.test.web.servlet.TestDispatcherServlet] Completed initialization in 1 ms
[2024-06-12 11:09:28 INFO  Test worker] [com.green.greengram.feedcomment.FeedCommentControllerTest] Started FeedCommentControllerTest in 1.689 seconds (process running for 2.495)
[2024-06-12 11:11:35 INFO  Test worker] [com.green.greengram.feedcomment.FeedCommentControllerTest] Starting FeedCommentControllerTest using Java 17.0.10 with PID 10304 (started by Administrator in D:\2024-1\Backend\GreengramVer3TDD)
[2024-06-12 11:11:35 INFO  Test worker] [com.green.greengram.feedcomment.FeedCommentControllerTest] No active profile set, falling back to 1 default profile: "default"
[2024-06-12 11:11:36 INFO  Test worker] [org.springframework.boot.autoconfigure.web.servlet.WelcomePageHandlerMapping] Adding welcome page: class path resource [static/index.html]
[2024-06-12 11:11:36 INFO  Test worker] [org.springframework.boot.test.mock.web.SpringBootMockServletContext] Initializing Spring TestDispatcherServlet ''
[2024-06-12 11:11:36 INFO  Test worker] [org.springframework.test.web.servlet.TestDispatcherServlet] Initializing Servlet ''
[2024-06-12 11:11:36 INFO  Test worker] [org.springframework.test.web.servlet.TestDispatcherServlet] Completed initialization in 1 ms
[2024-06-12 11:11:36 INFO  Test worker] [com.green.greengram.feedcomment.FeedCommentControllerTest] Started FeedCommentControllerTest in 1.681 seconds (process running for 2.547)
[2024-06-12 11:11:44 INFO  Test worker] [com.green.greengram.feedcomment.FeedCommentControllerTest] Starting FeedCommentControllerTest using Java 17.0.10 with PID 9916 (started by Administrator in D:\2024-1\Backend\GreengramVer3TDD)
[2024-06-12 11:11:44 INFO  Test worker] [com.green.greengram.feedcomment.FeedCommentControllerTest] No active profile set, falling back to 1 default profile: "default"
[2024-06-12 11:11:45 INFO  Test worker] [org.springframework.boot.autoconfigure.web.servlet.WelcomePageHandlerMapping] Adding welcome page: class path resource [static/index.html]
[2024-06-12 11:11:46 INFO  Test worker] [org.springframework.boot.test.mock.web.SpringBootMockServletContext] Initializing Spring TestDispatcherServlet ''
[2024-06-12 11:11:46 INFO  Test worker] [org.springframework.test.web.servlet.TestDispatcherServlet] Initializing Servlet ''
[2024-06-12 11:11:46 INFO  Test worker] [org.springframework.test.web.servlet.TestDispatcherServlet] Completed initialization in 1 ms
[2024-06-12 11:11:46 INFO  Test worker] [com.green.greengram.feedcomment.FeedCommentControllerTest] Started FeedCommentControllerTest in 1.662 seconds (process running for 2.472)
[2024-06-12 11:51:21 INFO  Test worker] [com.green.greengram.feedcomment.FeedCommentControllerTest] Starting FeedCommentControllerTest using Java 17.0.10 with PID 12200 (started by Administrator in D:\2024-1\Backend\GreengramVer3TDD)
[2024-06-12 11:51:21 INFO  Test worker] [com.green.greengram.feedcomment.FeedCommentControllerTest] No active profile set, falling back to 1 default profile: "default"
[2024-06-12 11:51:22 INFO  Test worker] [org.springframework.boot.autoconfigure.web.servlet.WelcomePageHandlerMapping] Adding welcome page: class path resource [static/index.html]
[2024-06-12 11:51:23 INFO  Test worker] [org.springframework.boot.test.mock.web.SpringBootMockServletContext] Initializing Spring TestDispatcherServlet ''
[2024-06-12 11:51:23 INFO  Test worker] [org.springframework.test.web.servlet.TestDispatcherServlet] Initializing Servlet ''
[2024-06-12 11:51:23 INFO  Test worker] [org.springframework.test.web.servlet.TestDispatcherServlet] Completed initialization in 1 ms
[2024-06-12 11:51:23 INFO  Test worker] [com.green.greengram.feedcomment.FeedCommentControllerTest] Started FeedCommentControllerTest in 1.826 seconds (process running for 2.611)
[2024-06-12 12:03:39 INFO  Test worker] [com.green.greengram.feedcomment.FeedCommentControllerTest] Starting FeedCommentControllerTest using Java 17.0.10 with PID 1548 (started by Administrator in D:\2024-1\Backend\GreengramVer3TDD)
[2024-06-12 12:03:39 INFO  Test worker] [com.green.greengram.feedcomment.FeedCommentControllerTest] No active profile set, falling back to 1 default profile: "default"
[2024-06-12 12:03:40 INFO  Test worker] [org.springframework.boot.autoconfigure.web.servlet.WelcomePageHandlerMapping] Adding welcome page: class path resource [static/index.html]
[2024-06-12 12:03:40 INFO  Test worker] [org.springframework.boot.test.mock.web.SpringBootMockServletContext] Initializing Spring TestDispatcherServlet ''
[2024-06-12 12:03:40 INFO  Test worker] [org.springframework.test.web.servlet.TestDispatcherServlet] Initializing Servlet ''
[2024-06-12 12:03:40 INFO  Test worker] [org.springframework.test.web.servlet.TestDispatcherServlet] Completed initialization in 1 ms
[2024-06-12 12:03:40 INFO  Test worker] [com.green.greengram.feedcomment.FeedCommentControllerTest] Started FeedCommentControllerTest in 1.874 seconds (process running for 2.78)
[2024-06-12 12:06:50 INFO  Test worker] [com.green.greengram.feedcomment.FeedCommentControllerTest] Starting FeedCommentControllerTest using Java 17.0.10 with PID 11792 (started by Administrator in D:\2024-1\Backend\GreengramVer3TDD)
[2024-06-12 12:06:50 INFO  Test worker] [com.green.greengram.feedcomment.FeedCommentControllerTest] No active profile set, falling back to 1 default profile: "default"
[2024-06-12 12:06:51 INFO  Test worker] [org.springframework.boot.autoconfigure.web.servlet.WelcomePageHandlerMapping] Adding welcome page: class path resource [static/index.html]
[2024-06-12 12:06:51 INFO  Test worker] [org.springframework.boot.test.mock.web.SpringBootMockServletContext] Initializing Spring TestDispatcherServlet ''
[2024-06-12 12:06:51 INFO  Test worker] [org.springframework.test.web.servlet.TestDispatcherServlet] Initializing Servlet ''
[2024-06-12 12:06:51 INFO  Test worker] [org.springframework.test.web.servlet.TestDispatcherServlet] Completed initialization in 1 ms
[2024-06-12 12:06:51 INFO  Test worker] [com.green.greengram.feedcomment.FeedCommentControllerTest] Started FeedCommentControllerTest in 1.647 seconds (process running for 2.611)
[2024-06-12 12:07:55 INFO  Test worker] [com.green.greengram.feedcomment.FeedCommentControllerTest] Starting FeedCommentControllerTest using Java 17.0.10 with PID 10664 (started by Administrator in D:\2024-1\Backend\GreengramVer3TDD)
[2024-06-12 12:07:55 INFO  Test worker] [com.green.greengram.feedcomment.FeedCommentControllerTest] No active profile set, falling back to 1 default profile: "default"
[2024-06-12 12:07:56 INFO  Test worker] [org.springframework.boot.autoconfigure.web.servlet.WelcomePageHandlerMapping] Adding welcome page: class path resource [static/index.html]
[2024-06-12 12:07:56 INFO  Test worker] [org.springframework.boot.test.mock.web.SpringBootMockServletContext] Initializing Spring TestDispatcherServlet ''
[2024-06-12 12:07:56 INFO  Test worker] [org.springframework.test.web.servlet.TestDispatcherServlet] Initializing Servlet ''
[2024-06-12 12:07:56 INFO  Test worker] [org.springframework.test.web.servlet.TestDispatcherServlet] Completed initialization in 1 ms
[2024-06-12 12:07:56 INFO  Test worker] [com.green.greengram.feedcomment.FeedCommentControllerTest] Started FeedCommentControllerTest in 1.63 seconds (process running for 2.46)
[2024-06-12 12:34:10 INFO  Test worker] [com.green.greengram.feedcomment.FeedCommentControllerTest] Starting FeedCommentControllerTest using Java 17.0.10 with PID 6640 (started by Administrator in D:\2024-1\Backend\GreengramVer3TDD)
[2024-06-12 12:34:10 INFO  Test worker] [com.green.greengram.feedcomment.FeedCommentControllerTest] No active profile set, falling back to 1 default profile: "default"
[2024-06-12 12:34:12 INFO  Test worker] [org.springframework.boot.autoconfigure.web.servlet.WelcomePageHandlerMapping] Adding welcome page: class path resource [static/index.html]
[2024-06-12 12:34:12 INFO  Test worker] [org.springframework.boot.test.mock.web.SpringBootMockServletContext] Initializing Spring TestDispatcherServlet ''
[2024-06-12 12:34:12 INFO  Test worker] [org.springframework.test.web.servlet.TestDispatcherServlet] Initializing Servlet ''
[2024-06-12 12:34:12 INFO  Test worker] [org.springframework.test.web.servlet.TestDispatcherServlet] Completed initialization in 1 ms
[2024-06-12 12:34:12 INFO  Test worker] [com.green.greengram.feedcomment.FeedCommentControllerTest] Started FeedCommentControllerTest in 1.644 seconds (process running for 2.48)
[2024-06-12 12:59:20 INFO  Test worker] [com.green.greengram.feedcomment.FeedCommentControllerTest] Starting FeedCommentControllerTest using Java 17.0.10 with PID 6788 (started by Administrator in D:\2024-1\Backend\GreengramVer3TDD)
[2024-06-12 12:59:20 INFO  Test worker] [com.green.greengram.feedcomment.FeedCommentControllerTest] No active profile set, falling back to 1 default profile: "default"
[2024-06-12 12:59:21 INFO  Test worker] [org.springframework.boot.autoconfigure.web.servlet.WelcomePageHandlerMapping] Adding welcome page: class path resource [static/index.html]
[2024-06-12 12:59:21 INFO  Test worker] [org.springframework.boot.test.mock.web.SpringBootMockServletContext] Initializing Spring TestDispatcherServlet ''
[2024-06-12 12:59:21 INFO  Test worker] [org.springframework.test.web.servlet.TestDispatcherServlet] Initializing Servlet ''
[2024-06-12 12:59:21 INFO  Test worker] [org.springframework.test.web.servlet.TestDispatcherServlet] Completed initialization in 1 ms
[2024-06-12 12:59:21 INFO  Test worker] [com.green.greengram.feedcomment.FeedCommentControllerTest] Started FeedCommentControllerTest in 1.716 seconds (process running for 2.511)
[2024-06-12 13:00:23 INFO  Test worker] [com.green.greengram.feedcomment.FeedCommentControllerTest] Starting FeedCommentControllerTest using Java 17.0.10 with PID 11108 (started by Administrator in D:\2024-1\Backend\GreengramVer3TDD)
[2024-06-12 13:00:23 INFO  Test worker] [com.green.greengram.feedcomment.FeedCommentControllerTest] No active profile set, falling back to 1 default profile: "default"
[2024-06-12 13:00:24 INFO  Test worker] [org.springframework.boot.autoconfigure.web.servlet.WelcomePageHandlerMapping] Adding welcome page: class path resource [static/index.html]
[2024-06-12 13:00:24 INFO  Test worker] [org.springframework.boot.test.mock.web.SpringBootMockServletContext] Initializing Spring TestDispatcherServlet ''
[2024-06-12 13:00:24 INFO  Test worker] [org.springframework.test.web.servlet.TestDispatcherServlet] Initializing Servlet ''
[2024-06-12 13:00:24 INFO  Test worker] [org.springframework.test.web.servlet.TestDispatcherServlet] Completed initialization in 1 ms
[2024-06-12 13:00:25 INFO  Test worker] [com.green.greengram.feedcomment.FeedCommentControllerTest] Started FeedCommentControllerTest in 1.662 seconds (process running for 2.504)
[2024-06-12 13:02:18 INFO  Test worker] [com.green.greengram.feedcomment.FeedCommentControllerTest] Starting FeedCommentControllerTest using Java 17.0.10 with PID 11852 (started by Administrator in D:\2024-1\Backend\GreengramVer3TDD)
[2024-06-12 13:02:18 INFO  Test worker] [com.green.greengram.feedcomment.FeedCommentControllerTest] No active profile set, falling back to 1 default profile: "default"
[2024-06-12 13:02:19 INFO  Test worker] [org.springframework.boot.autoconfigure.web.servlet.WelcomePageHandlerMapping] Adding welcome page: class path resource [static/index.html]
[2024-06-12 13:02:19 INFO  Test worker] [org.springframework.boot.test.mock.web.SpringBootMockServletContext] Initializing Spring TestDispatcherServlet ''
[2024-06-12 13:02:19 INFO  Test worker] [org.springframework.test.web.servlet.TestDispatcherServlet] Initializing Servlet ''
[2024-06-12 13:02:19 INFO  Test worker] [org.springframework.test.web.servlet.TestDispatcherServlet] Completed initialization in 1 ms
[2024-06-12 13:02:19 INFO  Test worker] [com.green.greengram.feedcomment.FeedCommentControllerTest] Started FeedCommentControllerTest in 1.652 seconds (process running for 2.44)
[2024-06-12 13:02:38 INFO  Test worker] [com.green.greengram.feedcomment.FeedCommentControllerTest] Starting FeedCommentControllerTest using Java 17.0.10 with PID 11792 (started by Administrator in D:\2024-1\Backend\GreengramVer3TDD)
[2024-06-12 13:02:38 INFO  Test worker] [com.green.greengram.feedcomment.FeedCommentControllerTest] No active profile set, falling back to 1 default profile: "default"
[2024-06-12 13:02:39 INFO  Test worker] [org.springframework.boot.autoconfigure.web.servlet.WelcomePageHandlerMapping] Adding welcome page: class path resource [static/index.html]
[2024-06-12 13:02:39 INFO  Test worker] [org.springframework.boot.test.mock.web.SpringBootMockServletContext] Initializing Spring TestDispatcherServlet ''
[2024-06-12 13:02:39 INFO  Test worker] [org.springframework.test.web.servlet.TestDispatcherServlet] Initializing Servlet ''
[2024-06-12 13:02:39 INFO  Test worker] [org.springframework.test.web.servlet.TestDispatcherServlet] Completed initialization in 1 ms
[2024-06-12 13:02:39 INFO  Test worker] [com.green.greengram.feedcomment.FeedCommentControllerTest] Started FeedCommentControllerTest in 1.682 seconds (process running for 2.469)
[2024-06-12 13:06:44 INFO  Test worker] [com.green.greengram.feedcomment.FeedCommentControllerTest] Starting FeedCommentControllerTest using Java 17.0.10 with PID 3972 (started by Administrator in D:\2024-1\Backend\GreengramVer3TDD)
[2024-06-12 13:06:44 INFO  Test worker] [com.green.greengram.feedcomment.FeedCommentControllerTest] No active profile set, falling back to 1 default profile: "default"
[2024-06-12 13:06:45 INFO  Test worker] [org.springframework.boot.autoconfigure.web.servlet.WelcomePageHandlerMapping] Adding welcome page: class path resource [static/index.html]
[2024-06-12 13:06:45 INFO  Test worker] [org.springframework.boot.test.mock.web.SpringBootMockServletContext] Initializing Spring TestDispatcherServlet ''
[2024-06-12 13:06:45 INFO  Test worker] [org.springframework.test.web.servlet.TestDispatcherServlet] Initializing Servlet ''
[2024-06-12 13:06:45 INFO  Test worker] [org.springframework.test.web.servlet.TestDispatcherServlet] Completed initialization in 1 ms
[2024-06-12 13:06:45 INFO  Test worker] [com.green.greengram.feedcomment.FeedCommentControllerTest] Started FeedCommentControllerTest in 1.728 seconds (process running for 2.543)
[2024-06-12 13:07:58 INFO  Test worker] [com.green.greengram.feedcomment.FeedCommentControllerTest] Starting FeedCommentControllerTest using Java 17.0.10 with PID 11120 (started by Administrator in D:\2024-1\Backend\GreengramVer3TDD)
[2024-06-12 13:07:58 INFO  Test worker] [com.green.greengram.feedcomment.FeedCommentControllerTest] No active profile set, falling back to 1 default profile: "default"
[2024-06-12 13:07:59 INFO  Test worker] [org.springframework.boot.autoconfigure.web.servlet.WelcomePageHandlerMapping] Adding welcome page: class path resource [static/index.html]
[2024-06-12 13:07:59 INFO  Test worker] [org.springframework.boot.test.mock.web.SpringBootMockServletContext] Initializing Spring TestDispatcherServlet ''
[2024-06-12 13:07:59 INFO  Test worker] [org.springframework.test.web.servlet.TestDispatcherServlet] Initializing Servlet ''
[2024-06-12 13:07:59 INFO  Test worker] [org.springframework.test.web.servlet.TestDispatcherServlet] Completed initialization in 1 ms
[2024-06-12 13:07:59 INFO  Test worker] [com.green.greengram.feedcomment.FeedCommentControllerTest] Started FeedCommentControllerTest in 1.64 seconds (process running for 2.442)
[2024-06-12 13:09:06 INFO  Test worker] [com.green.greengram.feedcomment.FeedCommentControllerTest] Starting FeedCommentControllerTest using Java 17.0.10 with PID 1760 (started by Administrator in D:\2024-1\Backend\GreengramVer3TDD)
[2024-06-12 13:09:06 INFO  Test worker] [com.green.greengram.feedcomment.FeedCommentControllerTest] No active profile set, falling back to 1 default profile: "default"
[2024-06-12 13:09:07 INFO  Test worker] [org.springframework.boot.autoconfigure.web.servlet.WelcomePageHandlerMapping] Adding welcome page: class path resource [static/index.html]
[2024-06-12 13:09:08 INFO  Test worker] [org.springframework.boot.test.mock.web.SpringBootMockServletContext] Initializing Spring TestDispatcherServlet ''
[2024-06-12 13:09:08 INFO  Test worker] [org.springframework.test.web.servlet.TestDispatcherServlet] Initializing Servlet ''
[2024-06-12 13:09:08 INFO  Test worker] [org.springframework.test.web.servlet.TestDispatcherServlet] Completed initialization in 2 ms
[2024-06-12 13:09:08 INFO  Test worker] [com.green.greengram.feedcomment.FeedCommentControllerTest] Started FeedCommentControllerTest in 1.666 seconds (process running for 2.52)
[2024-06-12 13:09:16 INFO  Test worker] [com.green.greengram.feedcomment.FeedCommentControllerTest] Starting FeedCommentControllerTest using Java 17.0.10 with PID 12252 (started by Administrator in D:\2024-1\Backend\GreengramVer3TDD)
[2024-06-12 13:09:16 INFO  Test worker] [com.green.greengram.feedcomment.FeedCommentControllerTest] No active profile set, falling back to 1 default profile: "default"
[2024-06-12 13:09:17 INFO  Test worker] [org.springframework.boot.autoconfigure.web.servlet.WelcomePageHandlerMapping] Adding welcome page: class path resource [static/index.html]
[2024-06-12 13:09:18 INFO  Test worker] [org.springframework.boot.test.mock.web.SpringBootMockServletContext] Initializing Spring TestDispatcherServlet ''
[2024-06-12 13:09:18 INFO  Test worker] [org.springframework.test.web.servlet.TestDispatcherServlet] Initializing Servlet ''
[2024-06-12 13:09:18 INFO  Test worker] [org.springframework.test.web.servlet.TestDispatcherServlet] Completed initialization in 1 ms
[2024-06-12 13:09:18 INFO  Test worker] [com.green.greengram.feedcomment.FeedCommentControllerTest] Started FeedCommentControllerTest in 1.645 seconds (process running for 2.442)
[2024-06-12 13:10:18 INFO  Test worker] [com.green.greengram.feedcomment.FeedCommentControllerTest] Starting FeedCommentControllerTest using Java 17.0.10 with PID 11964 (started by Administrator in D:\2024-1\Backend\GreengramVer3TDD)
[2024-06-12 13:10:18 INFO  Test worker] [com.green.greengram.feedcomment.FeedCommentControllerTest] No active profile set, falling back to 1 default profile: "default"
[2024-06-12 13:10:19 INFO  Test worker] [org.springframework.boot.autoconfigure.web.servlet.WelcomePageHandlerMapping] Adding welcome page: class path resource [static/index.html]
[2024-06-12 13:10:19 INFO  Test worker] [org.springframework.boot.test.mock.web.SpringBootMockServletContext] Initializing Spring TestDispatcherServlet ''
[2024-06-12 13:10:19 INFO  Test worker] [org.springframework.test.web.servlet.TestDispatcherServlet] Initializing Servlet ''
[2024-06-12 13:10:19 INFO  Test worker] [org.springframework.test.web.servlet.TestDispatcherServlet] Completed initialization in 1 ms
[2024-06-12 13:10:19 INFO  Test worker] [com.green.greengram.feedcomment.FeedCommentControllerTest] Started FeedCommentControllerTest in 1.675 seconds (process running for 2.534)
[2024-06-12 13:10:25 INFO  Test worker] [com.green.greengram.feedcomment.FeedCommentControllerTest] Starting FeedCommentControllerTest using Java 17.0.10 with PID 11356 (started by Administrator in D:\2024-1\Backend\GreengramVer3TDD)
[2024-06-12 13:10:25 INFO  Test worker] [com.green.greengram.feedcomment.FeedCommentControllerTest] No active profile set, falling back to 1 default profile: "default"
[2024-06-12 13:10:26 INFO  Test worker] [org.springframework.boot.autoconfigure.web.servlet.WelcomePageHandlerMapping] Adding welcome page: class path resource [static/index.html]
[2024-06-12 13:10:27 INFO  Test worker] [org.springframework.boot.test.mock.web.SpringBootMockServletContext] Initializing Spring TestDispatcherServlet ''
[2024-06-12 13:10:27 INFO  Test worker] [org.springframework.test.web.servlet.TestDispatcherServlet] Initializing Servlet ''
[2024-06-12 13:10:27 INFO  Test worker] [org.springframework.test.web.servlet.TestDispatcherServlet] Completed initialization in 1 ms
[2024-06-12 13:10:27 INFO  Test worker] [com.green.greengram.feedcomment.FeedCommentControllerTest] Started FeedCommentControllerTest in 1.671 seconds (process running for 2.447)
[2024-06-12 13:10:34 INFO  Test worker] [com.green.greengram.feedcomment.FeedCommentControllerTest] Starting FeedCommentControllerTest using Java 17.0.10 with PID 11364 (started by Administrator in D:\2024-1\Backend\GreengramVer3TDD)
[2024-06-12 13:10:34 INFO  Test worker] [com.green.greengram.feedcomment.FeedCommentControllerTest] No active profile set, falling back to 1 default profile: "default"
[2024-06-12 13:10:35 INFO  Test worker] [org.springframework.boot.autoconfigure.web.servlet.WelcomePageHandlerMapping] Adding welcome page: class path resource [static/index.html]
[2024-06-12 13:10:35 INFO  Test worker] [org.springframework.boot.test.mock.web.SpringBootMockServletContext] Initializing Spring TestDispatcherServlet ''
[2024-06-12 13:10:35 INFO  Test worker] [org.springframework.test.web.servlet.TestDispatcherServlet] Initializing Servlet ''
[2024-06-12 13:10:35 INFO  Test worker] [org.springframework.test.web.servlet.TestDispatcherServlet] Completed initialization in 1 ms
[2024-06-12 13:10:35 INFO  Test worker] [com.green.greengram.feedcomment.FeedCommentControllerTest] Started FeedCommentControllerTest in 1.625 seconds (process running for 2.57)
[2024-06-12 13:17:03 INFO  Test worker] [com.green.greengram.feedcomment.FeedCommentControllerTest] Starting FeedCommentControllerTest using Java 17.0.10 with PID 9304 (started by Administrator in D:\2024-1\Backend\GreengramVer3TDD)
[2024-06-12 13:17:03 INFO  Test worker] [com.green.greengram.feedcomment.FeedCommentControllerTest] No active profile set, falling back to 1 default profile: "default"
[2024-06-12 13:17:04 INFO  Test worker] [org.springframework.boot.autoconfigure.web.servlet.WelcomePageHandlerMapping] Adding welcome page: class path resource [static/index.html]
[2024-06-12 13:17:04 INFO  Test worker] [org.springframework.boot.test.mock.web.SpringBootMockServletContext] Initializing Spring TestDispatcherServlet ''
[2024-06-12 13:17:04 INFO  Test worker] [org.springframework.test.web.servlet.TestDispatcherServlet] Initializing Servlet ''
[2024-06-12 13:17:04 INFO  Test worker] [org.springframework.test.web.servlet.TestDispatcherServlet] Completed initialization in 1 ms
[2024-06-12 13:17:04 INFO  Test worker] [com.green.greengram.feedcomment.FeedCommentControllerTest] Started FeedCommentControllerTest in 1.631 seconds (process running for 2.391)
[2024-06-12 13:19:15 INFO  Test worker] [com.green.greengram.feedcomment.FeedCommentControllerTest] Starting FeedCommentControllerTest using Java 17.0.10 with PID 6332 (started by Administrator in D:\2024-1\Backend\GreengramVer3TDD)
[2024-06-12 13:19:15 INFO  Test worker] [com.green.greengram.feedcomment.FeedCommentControllerTest] No active profile set, falling back to 1 default profile: "default"
[2024-06-12 13:19:16 INFO  Test worker] [org.springframework.boot.autoconfigure.web.servlet.WelcomePageHandlerMapping] Adding welcome page: class path resource [static/index.html]
[2024-06-12 13:19:16 INFO  Test worker] [org.springframework.boot.test.mock.web.SpringBootMockServletContext] Initializing Spring TestDispatcherServlet ''
[2024-06-12 13:19:16 INFO  Test worker] [org.springframework.test.web.servlet.TestDispatcherServlet] Initializing Servlet ''
[2024-06-12 13:19:16 INFO  Test worker] [org.springframework.test.web.servlet.TestDispatcherServlet] Completed initialization in 1 ms
[2024-06-12 13:19:16 INFO  Test worker] [com.green.greengram.feedcomment.FeedCommentControllerTest] Started FeedCommentControllerTest in 1.669 seconds (process running for 2.464)
[2024-06-12 13:19:43 INFO  Test worker] [com.green.greengram.feedcomment.FeedCommentControllerTest] Starting FeedCommentControllerTest using Java 17.0.10 with PID 12156 (started by Administrator in D:\2024-1\Backend\GreengramVer3TDD)
[2024-06-12 13:19:43 INFO  Test worker] [com.green.greengram.feedcomment.FeedCommentControllerTest] No active profile set, falling back to 1 default profile: "default"
[2024-06-12 13:19:44 INFO  Test worker] [org.springframework.boot.autoconfigure.web.servlet.WelcomePageHandlerMapping] Adding welcome page: class path resource [static/index.html]
[2024-06-12 13:19:45 INFO  Test worker] [org.springframework.boot.test.mock.web.SpringBootMockServletContext] Initializing Spring TestDispatcherServlet ''
[2024-06-12 13:19:45 INFO  Test worker] [org.springframework.test.web.servlet.TestDispatcherServlet] Initializing Servlet ''
[2024-06-12 13:19:45 INFO  Test worker] [org.springframework.test.web.servlet.TestDispatcherServlet] Completed initialization in 1 ms
[2024-06-12 13:19:45 INFO  Test worker] [com.green.greengram.feedcomment.FeedCommentControllerTest] Started FeedCommentControllerTest in 1.658 seconds (process running for 2.431)
[2024-06-12 13:19:56 INFO  Test worker] [com.green.greengram.feedcomment.FeedCommentControllerTest] Starting FeedCommentControllerTest using Java 17.0.10 with PID 1468 (started by Administrator in D:\2024-1\Backend\GreengramVer3TDD)
[2024-06-12 13:19:56 INFO  Test worker] [com.green.greengram.feedcomment.FeedCommentControllerTest] No active profile set, falling back to 1 default profile: "default"
[2024-06-12 13:19:57 INFO  Test worker] [org.springframework.boot.autoconfigure.web.servlet.WelcomePageHandlerMapping] Adding welcome page: class path resource [static/index.html]
[2024-06-12 13:19:57 INFO  Test worker] [org.springframework.boot.test.mock.web.SpringBootMockServletContext] Initializing Spring TestDispatcherServlet ''
[2024-06-12 13:19:57 INFO  Test worker] [org.springframework.test.web.servlet.TestDispatcherServlet] Initializing Servlet ''
[2024-06-12 13:19:57 INFO  Test worker] [org.springframework.test.web.servlet.TestDispatcherServlet] Completed initialization in 1 ms
[2024-06-12 13:19:57 INFO  Test worker] [com.green.greengram.feedcomment.FeedCommentControllerTest] Started FeedCommentControllerTest in 1.653 seconds (process running for 2.439)
[2024-06-12 13:20:08 INFO  Test worker] [com.green.greengram.feedcomment.FeedCommentControllerTest] Starting FeedCommentControllerTest using Java 17.0.10 with PID 11288 (started by Administrator in D:\2024-1\Backend\GreengramVer3TDD)
[2024-06-12 13:20:08 INFO  Test worker] [com.green.greengram.feedcomment.FeedCommentControllerTest] No active profile set, falling back to 1 default profile: "default"
[2024-06-12 13:20:09 INFO  Test worker] [org.springframework.boot.autoconfigure.web.servlet.WelcomePageHandlerMapping] Adding welcome page: class path resource [static/index.html]
[2024-06-12 13:20:09 INFO  Test worker] [org.springframework.boot.test.mock.web.SpringBootMockServletContext] Initializing Spring TestDispatcherServlet ''
[2024-06-12 13:20:09 INFO  Test worker] [org.springframework.test.web.servlet.TestDispatcherServlet] Initializing Servlet ''
[2024-06-12 13:20:09 INFO  Test worker] [org.springframework.test.web.servlet.TestDispatcherServlet] Completed initialization in 1 ms
[2024-06-12 13:20:09 INFO  Test worker] [com.green.greengram.feedcomment.FeedCommentControllerTest] Started FeedCommentControllerTest in 1.707 seconds (process running for 2.49)
